<testsuite name="library-api-tests" time="6.629" failures="0" errors="0" skipped="0" tests="20">
  <properties>
[...]
</properties>
  <testcase time="0.08" name="library-api-tests-get:/students:library-api-configTest" classname="library-api-tests"/>
  <testcase time="0.061" name="library-api-tests-409-conflict" classname="library-api-tests"/>
  <testcase time="0.089" name="library-api-tests-406-not-acceptable" classname="library-api-tests"/>
  <testcase time="0.075" name="library-api-tests-patch:/students/{studentId}/loans/{loanId}:application/json:library-api-configTest" classname="library-api-tests"/>
  <testcase time="0.078" name="library-api-tests-get:/students/{studentId}:library-api-configTest" classname="library-api-tests"/>
  <testcase time="0.03" name="library-api-tests-415-unsupported-media-type" classname="library-api-tests"/>
  <testcase time="0.025" name="library-api-tests-405-method-not-allowed" classname="library-api-tests"/>
  <testcase time="0.114" name="library-api-tests-post:/books:application/json:library-api-configTest" classname="library-api-tests"/>
  <testcase time="0.102" name="library-api-tests-post:/students/{studentId}/loans:application/json:library-api-configTest" classname="library-api-tests"/>
  <testcase time="0.062" name="library-api-tests-put:/students/{studentId}/loans/{loanId}:application/json:library-api-configTest" classname="library-api-tests"/>
  <testcase time="1.675" name="library-api-tests-get:/books:library-api-configTest" classname="library-api-tests"/>
  <testcase time="0.03" name="library-api-tests-delete:/students/{studentId}:library-api-configTest" classname="library-api-tests"/>
  <testcase time="0.068" name="library-api-tests-post:/students:application/json:library-api-configTest" classname="library-api-tests"/>
  <testcase time="0.074" name="library-api-tests-get:/students/{studentId}/loans:library-api-configTest" classname="library-api-tests"/>
  <testcase time="0.029" name="library-api-tests-404-not-found" classname="library-api-tests"/>
  <testcase time="0.098" name="library-api-tests-get:/books/{bookId}:library-api-configTest" classname="library-api-tests"/>
  <testcase time="0.05" name="library-api-tests-put:/books/{bookId}:application/json:library-api-configTest" classname="library-api-tests"/>
  <testcase time="0.057" name="library-api-tests-get:/students/{studentId}/loans/{loanId}:library-api-configTest" classname="library-api-tests"/>
  <testcase time="0.034" name="library-api-tests-delete:/books/{bookId}:library-api-configTest" classname="library-api-tests"/>
  <testcase time="0.037" name="library-api-tests-put:/students/{studentId}:application/json:library-api-configTest" classname="library-api-tests"/>
</testsuite>